c:\users\administrator\desktop\program\gomoku\x64\debug\vc143.pdb
c:\users\administrator\desktop\program\gomoku\x64\debug\vc143.idb
c:\users\administrator\desktop\program\gomoku\x64\debug\source.obj
c:\users\user\desktop\program\gomoku\x64\debug\vc143.pdb
c:\users\user\desktop\program\gomoku\x64\debug\vc143.idb
c:\users\user\desktop\program\gomoku\x64\debug\source.obj
c:\users\administrator\desktop\program\program\x64\debug\gomoku.exe
c:\users\administrator\desktop\program\program\x64\debug\gomoku.pdb
c:\users\administrator\desktop\program\gomoku\x64\debug\gomoku.ilk
c:\users\user\desktop\program\program\x64\debug\gomoku.pdb
c:\users\user\desktop\program\gomoku\x64\debug\gomoku.tlog\cl.command.1.tlog
c:\users\user\desktop\program\gomoku\x64\debug\gomoku.tlog\cl.items.tlog
c:\users\user\desktop\program\gomoku\x64\debug\gomoku.tlog\cl.read.1.tlog
c:\users\user\desktop\program\gomoku\x64\debug\gomoku.tlog\cl.write.1.tlog
c:\users\user\desktop\program\gomoku\x64\debug\gomoku.tlog\link-cvtres.read.1.tlog
c:\users\user\desktop\program\gomoku\x64\debug\gomoku.tlog\link-cvtres.write.1.tlog
c:\users\user\desktop\program\gomoku\x64\debug\gomoku.tlog\link-rc.read.1.tlog
c:\users\user\desktop\program\gomoku\x64\debug\gomoku.tlog\link-rc.write.1.tlog
c:\users\user\desktop\program\gomoku\x64\debug\gomoku.tlog\link.command.1.tlog
c:\users\user\desktop\program\gomoku\x64\debug\gomoku.tlog\link.read.1.tlog
c:\users\user\desktop\program\gomoku\x64\debug\gomoku.tlog\link.read.2.tlog
c:\users\user\desktop\program\gomoku\x64\debug\gomoku.tlog\link.read.3.tlog
c:\users\user\desktop\program\gomoku\x64\debug\gomoku.tlog\link.read.4.tlog
c:\users\user\desktop\program\gomoku\x64\debug\gomoku.tlog\link.secondary.1.tlog
c:\users\user\desktop\program\gomoku\x64\debug\gomoku.tlog\link.write.1.tlog
